2025-07-08 01:30:07,846 - V3 - INFO - === INICIANDO ENTRENAMIENTO DEL MODELO ===
2025-07-08 01:30:07,846 - V3 - INFO - Configuración: {'samples': 1000, 'validation_split': 0.2, 'model_path': None, 'use_existing_data': False, 'log_level': 'INFO', 'export_results': 'experiments/experiment_20250708_013005/training_results.json'}
2025-07-08 01:30:07,847 - V3.ArbitrageAIModel - INFO - No se encontró modelo previo, se creará uno nuevo
2025-07-08 01:30:07,847 - V3 - INFO - Generando 1000 muestras de entrenamiento...
2025-07-08 01:30:07,847 - V3.SimulationEngine - INFO - Generando 1000 muestras de entrenamiento...
2025-07-08 01:30:18,329 - V3.SimulationEngine - INFO - Generadas 100/1000 muestras
2025-07-08 01:30:30,188 - V3.SimulationEngine - INFO - Generadas 200/1000 muestras
2025-07-08 01:30:41,755 - V3.SimulationEngine - INFO - Generadas 300/1000 muestras
2025-07-08 01:30:53,442 - V3.SimulationEngine - INFO - Generadas 400/1000 muestras
2025-07-08 01:31:04,210 - V3.SimulationEngine - INFO - Generadas 500/1000 muestras
2025-07-08 01:31:15,448 - V3.SimulationEngine - INFO - Generadas 600/1000 muestras
2025-07-08 01:31:26,914 - V3.SimulationEngine - INFO - Generadas 700/1000 muestras
2025-07-08 01:31:38,424 - V3.SimulationEngine - INFO - Generadas 800/1000 muestras
2025-07-08 01:31:49,607 - V3.SimulationEngine - INFO - Generadas 900/1000 muestras
2025-07-08 01:32:00,241 - V3.SimulationEngine - INFO - Generadas 1000/1000 muestras
2025-07-08 01:32:00,418 - V3.DataPersistence - INFO - Datos de entrenamiento guardados: 1000 registros
2025-07-08 01:32:00,419 - V3.SimulationEngine - INFO - Generación completada: 1000 muestras válidas
2025-07-08 01:32:00,419 - V3 - INFO - Datos de entrenamiento preparados: 1000 muestras
2025-07-08 01:32:00,419 - V3 - INFO - División de datos - Entrenamiento: 800, Validación: 200
2025-07-08 01:32:00,419 - V3 - INFO - Iniciando entrenamiento del modelo...
2025-07-08 01:32:00,419 - V3.ArbitrageAIModel - INFO - Iniciando entrenamiento con 800 registros
2025-07-08 01:32:05,414 - V3.ArbitrageAIModel - INFO - Modelo guardado en models/arbitrage_model.pkl
2025-07-08 01:32:05,414 - V3.ArbitrageAIModel - INFO - Entrenamiento completado. Precisión: 0.5437
2025-07-08 01:32:05,414 - V3 - INFO - Validando modelo...
2025-07-08 01:32:09,119 - V3 - INFO - === RESULTADOS DEL ENTRENAMIENTO ===
2025-07-08 01:32:09,119 - V3 - INFO - Precisión de rentabilidad: 0.5437
2025-07-08 01:32:09,119 - V3 - INFO - Precisión: 0.5414
2025-07-08 01:32:09,120 - V3 - INFO - Recall: 0.5437
2025-07-08 01:32:09,120 - V3 - INFO - F1-Score: 0.5420
2025-07-08 01:32:09,120 - V3 - INFO - RMSE de ganancia: 38.4051
2025-07-08 01:32:09,120 - V3 - INFO - Precisión de riesgo: 0.5500
2025-07-08 01:32:09,120 - V3 - INFO - Precisión en validación: 0.5050
2025-07-08 01:32:09,121 - V3 - INFO - Error de predicción de ganancia: 172.1292
2025-07-08 01:32:09,121 - V3 - INFO - Validación cruzada: 0.5687 ± 0.0194
2025-07-08 01:32:09,121 - V3 - INFO - Top 5 características más importantes:
2025-07-08 01:32:09,121 - V3 - INFO -   price_difference_percentage: 0.1281
2025-07-08 01:32:09,121 - V3 - INFO -   price_ratio: 0.1189
2025-07-08 01:32:09,121 - V3 - INFO -   current_balance_usdt: 0.1096
2025-07-08 01:32:09,122 - V3 - INFO -   investment_usdt: 0.1092
2025-07-08 01:32:09,122 - V3 - INFO -   buy_price: 0.1031
2025-07-08 01:32:09,124 - V3 - INFO - Resultados exportados a: experiments/experiment_20250708_013005/training_results.json
2025-07-08 01:32:09,125 - V3 - INFO - === ENTRENAMIENTO COMPLETADO EXITOSAMENTE ===
